<?xml version="1.0" encoding="UTF-8"?>
<testng-results skipped="0" failed="0" ignored="0" total="1" passed="1">
  <reporter-output>
  </reporter-output>
  <suite name="Sample test Suite" duration-ms="30650" started-at="2020-03-03T10:55:36Z" finished-at="2020-03-03T10:56:07Z">
    <groups>
    </groups>
    <test name="Sample test" duration-ms="30650" started-at="2020-03-03T10:55:36Z" finished-at="2020-03-03T10:56:07Z">
      <class name="com.training.sanity.tests.LoginTests">
        <test-method status="PASS" signature="setUpBeforeClass()[pri:0, instance:com.training.sanity.tests.LoginTests@5c7fa833]" name="setUpBeforeClass" is-config="true" duration-ms="13" started-at="2020-03-03T16:25:36Z" finished-at="2020-03-03T16:25:36Z">
          <reporter-output>
          </reporter-output>
        </test-method> <!-- setUpBeforeClass -->
        <test-method status="PASS" signature="setUp()[pri:0, instance:com.training.sanity.tests.LoginTests@5c7fa833]" name="setUp" is-config="true" duration-ms="16600" started-at="2020-03-03T16:25:36Z" finished-at="2020-03-03T16:25:53Z">
          <reporter-output>
          </reporter-output>
        </test-method> <!-- setUp -->
        <test-method status="PASS" signature="validLoginTest()[pri:0, instance:com.training.sanity.tests.LoginTests@5c7fa833]" name="validLoginTest" duration-ms="9401" started-at="2020-03-03T16:25:53Z" finished-at="2020-03-03T16:26:02Z">
          <reporter-output>
          </reporter-output>
        </test-method> <!-- validLoginTest -->
        <test-method status="PASS" signature="tearDown()[pri:0, instance:com.training.sanity.tests.LoginTests@5c7fa833]" name="tearDown" is-config="true" duration-ms="4611" started-at="2020-03-03T16:26:02Z" finished-at="2020-03-03T16:26:07Z">
          <reporter-output>
          </reporter-output>
        </test-method> <!-- tearDown -->
      </class> <!-- com.training.sanity.tests.LoginTests -->
    </test> <!-- Sample test -->
  </suite> <!-- Sample test Suite -->
</testng-results>
