<?xml version="1.0" encoding="UTF-8"?>
<!-- Generated by org.testng.reporters.JUnitXMLReporter -->
<testsuite hostname="DESKTOP-5V3Q9AB" ignored="0" name="Default test" tests="3" failures="0" timestamp="13 Mar 2020 11:36:37 GMT" time="130.864" errors="0">
  <testcase name="addNewPropertybyAdmin" time="24.701" classname="com.training.sanity.tests.MediumTestAsgnmt1"/>
  <testcase name="CustomerViewEnquireandCalculateLoan" time="19.777" classname="com.training.sanity.tests.MediumTestAsgnmt1"/>
  <testcase name="viewAddedPropertybyAdmin" time="19.628" classname="com.training.sanity.tests.MediumTestAsgnmt1"/>
</testsuite> <!-- Default test -->
