<?xml version="1.0" encoding="UTF-8"?>
<!-- Generated by org.testng.reporters.JUnitXMLReporter -->
<testsuite hostname="DESKTOP-5V3Q9AB" ignored="0" name="Default test" tests="3" failures="0" timestamp="10 Mar 2020 05:10:21 GMT" time="81.236" errors="0">
  <testcase name="validRegTest" time="5.931" classname="com.training.sanity.tests.LoginTestAsgnmt1"/>
  <testcase name="validLoginTest" time="5.179" classname="com.training.sanity.tests.LoginTestAsgnmt1"/>
  <testcase name="validrocoverPasswordTest" time="8.642" classname="com.training.sanity.tests.LoginTestAsgnmt1"/>
</testsuite> <!-- Default test -->
